<?xml version="1.0" encoding="UTF-8"?>
<!-- Generated by org.testng.reporters.JUnitReportReporter -->
<testsuite hostname="DESKTOP-MS42H70" failures="0" tests="1" name="SDETpractice.SampleTest" time="0.028" errors="0" timestamp="2021-12-09T15:17:48 IST" skipped="0">
  <testcase classname="SDETpractice.SampleTest" name="test" time="0.028"/>
  <system-out/>
</testsuite> <!-- SDETpractice.SampleTest -->
