<?xml version="1.0" encoding="UTF-8"?>
<!-- Generated by org.testng.reporters.JUnitReportReporter -->
<testsuite hostname="DESKTOP-MS42H70" failures="0" tests="1" name="SDETpractice.Test0" time="0.037" errors="0" timestamp="2021-12-10T10:02:32 IST" skipped="0">
  <testcase classname="SDETpractice.Test0" name="test" time="0.037"/>
  <system-out/>
</testsuite> <!-- SDETpractice.Test0 -->
